This is pdfTeX, Version 3.14159265-2.6-1.40.18 (TeX Live 2017/Debian) (preloaded format=latex 2019.11.6)  10 NOV 2019 22:24
entering extended mode
 restricted \write18 enabled.
 %&-line parsing enabled.
**_formulas.tex
(./_formulas.tex
LaTeX2e <2017-04-15>
Babel <3.18> and hyphenation patterns for 3 language(s) loaded.
(/usr/share/texlive/texmf-dist/tex/latex/base/article.cls
Document Class: article 2014/09/29 v1.4h Standard LaTeX document class
(/usr/share/texlive/texmf-dist/tex/latex/base/size10.clo
File: size10.clo 2014/09/29 v1.4h Standard LaTeX file (size option)
)
\c@part=\count79
\c@section=\count80
\c@subsection=\count81
\c@subsubsection=\count82
\c@paragraph=\count83
\c@subparagraph=\count84
\c@figure=\count85
\c@table=\count86
\abovecaptionskip=\skip41
\belowcaptionskip=\skip42
\bibindent=\dimen102
)
(/usr/share/texlive/texmf-dist/tex/latex/graphics/epsfig.sty
Package: epsfig 2017/06/25 v1.7b (e)psfig emulation (SPQR)

(/usr/share/texlive/texmf-dist/tex/latex/graphics/graphicx.sty
Package: graphicx 2017/06/01 v1.1a Enhanced LaTeX Graphics (DPC,SPQR)

(/usr/share/texlive/texmf-dist/tex/latex/graphics/keyval.sty
Package: keyval 2014/10/28 v1.15 key=value parser (DPC)
\KV@toks@=\toks14
)
(/usr/share/texlive/texmf-dist/tex/latex/graphics/graphics.sty
Package: graphics 2017/06/25 v1.2c Standard LaTeX Graphics (DPC,SPQR)

(/usr/share/texlive/texmf-dist/tex/latex/graphics/trig.sty
Package: trig 2016/01/03 v1.10 sin cos tan (DPC)
)
(/usr/share/texlive/texmf-dist/tex/latex/graphics-cfg/graphics.cfg
File: graphics.cfg 2016/06/04 v1.11 sample graphics configuration
)
Package graphics Info: Driver file: dvips.def on input line 99.

(/usr/share/texlive/texmf-dist/tex/latex/graphics-def/dvips.def
File: dvips.def 2017/06/20 v3.1d Graphics/color driver for dvips
))
\Gin@req@height=\dimen103
\Gin@req@width=\dimen104
)
\epsfxsize=\dimen105
\epsfysize=\dimen106
)
No file _formulas.aux.
\openout1 = `_formulas.aux'.

LaTeX Font Info:    Checking defaults for OML/cmm/m/it on input line 4.
LaTeX Font Info:    ... okay on input line 4.
LaTeX Font Info:    Checking defaults for T1/cmr/m/n on input line 4.
LaTeX Font Info:    ... okay on input line 4.
LaTeX Font Info:    Checking defaults for OT1/cmr/m/n on input line 4.
LaTeX Font Info:    ... okay on input line 4.
LaTeX Font Info:    Checking defaults for OMS/cmsy/m/n on input line 4.
LaTeX Font Info:    ... okay on input line 4.
LaTeX Font Info:    Checking defaults for OMX/cmex/m/n on input line 4.
LaTeX Font Info:    ... okay on input line 4.
LaTeX Font Info:    Checking defaults for U/cmr/m/n on input line 4.
LaTeX Font Info:    ... okay on input line 4.
LaTeX Font Info:    External font `cmex10' loaded for size
(Font)              <7> on input line 5.
LaTeX Font Info:    External font `cmex10' loaded for size
(Font)              <5> on input line 5.
[1

] [2] [3]
! Undefined control sequence.
<recently read> \mathbb 
                        
l.14 $\mathbb
              Z$
? 
[4] [5] [6] [7]
! Undefined control sequence.
<recently read> \mathbb 
                        
l.26 $\mathbb
              Z[C_4]$
? 
[8]
! Undefined control sequence.
<recently read> \mathbb 
                        
l.29 $\mathbb
              Z[C_2]\oplus \mathbb Z[C_2]$
? 
! Undefined control sequence.
l.29 $\mathbb Z[C_2]\oplus \mathbb
                                   Z[C_2]$
? 
[9] [10] [11] [12] [13] [14] [15] [16] [17] [18] [19]
! Undefined control sequence.
<recently read> \mathbb 
                        
l.62 $\mathbb
              Z/4$
? 
[20] [21] [22] [23]
! Undefined control sequence.
<recently read> \mathbb 
                        
l.74 $\mathbb
              Z\oplus \mathbb Z/2$
? 
! Undefined control sequence.
l.74 $\mathbb Z\oplus \mathbb
                              Z/2$
? 
[24] [25] [26] [27] [28] [29] [30] [31] [32] [33]
! Misplaced alignment tab character &.
l.104 $\begin{matrix} a&
                        b&a&b\\ b&a&b&a\\ a&b&a&b \\ b&a&b&a \end{matrix}$
? 
! Misplaced alignment tab character &.
l.104 $\begin{matrix} a&b&
                          a&b\\ b&a&b&a\\ a&b&a&b \\ b&a&b&a \end{matrix}$
? 
! Misplaced alignment tab character &.
l.104 $\begin{matrix} a&b&a&
                            b\\ b&a&b&a\\ a&b&a&b \\ b&a&b&a \end{matrix}$
? 
! Misplaced alignment tab character &.
l.104 $\begin{matrix} a&b&a&b\\ b&
                                  a&b&a\\ a&b&a&b \\ b&a&b&a \end{matrix}$
? 
! Misplaced alignment tab character &.
l.104 $\begin{matrix} a&b&a&b\\ b&a&
                                    b&a\\ a&b&a&b \\ b&a&b&a \end{matrix}$
? 
! Misplaced alignment tab character &.
l.104 $\begin{matrix} a&b&a&b\\ b&a&b&
                                      a\\ a&b&a&b \\ b&a&b&a \end{matrix}$
? 
! Misplaced alignment tab character &.
l.104 $\begin{matrix} a&b&a&b\\ b&a&b&a\\ a&
                                            b&a&b \\ b&a&b&a \end{matrix}$
? 
! Misplaced alignment tab character &.
l.104 $\begin{matrix} a&b&a&b\\ b&a&b&a\\ a&b&
                                              a&b \\ b&a&b&a \end{matrix}$
? 
! Misplaced alignment tab character &.
l.104 $\begin{matrix} a&b&a&b\\ b&a&b&a\\ a&b&a&
                                                b \\ b&a&b&a \end{matrix}$
? 
! Misplaced alignment tab character &.
l.104 ...matrix} a&b&a&b\\ b&a&b&a\\ a&b&a&b \\ b&
                                                  a&b&a \end{matrix}$
? 
! Misplaced alignment tab character &.
l.104 ...trix} a&b&a&b\\ b&a&b&a\\ a&b&a&b \\ b&a&
                                                  b&a \end{matrix}$
? 
! Misplaced alignment tab character &.
l.104 ...ix} a&b&a&b\\ b&a&b&a\\ a&b&a&b \\ b&a&b&
                                                  a \end{matrix}$
? 
[34] [35]
! Misplaced alignment tab character &.
l.110 $\begin{matrix} a&
                        b&c&d\\ b&c&d&a\\ c&d&a&b \\ d&a&b&c \end{matrix}$
? 
! Misplaced alignment tab character &.
l.110 $\begin{matrix} a&b&
                          c&d\\ b&c&d&a\\ c&d&a&b \\ d&a&b&c \end{matrix}$
? 
! Misplaced alignment tab character &.
l.110 $\begin{matrix} a&b&c&
                            d\\ b&c&d&a\\ c&d&a&b \\ d&a&b&c \end{matrix}$
? 
! Misplaced alignment tab character &.
l.110 $\begin{matrix} a&b&c&d\\ b&
                                  c&d&a\\ c&d&a&b \\ d&a&b&c \end{matrix}$
? 
! Misplaced alignment tab character &.
l.110 $\begin{matrix} a&b&c&d\\ b&c&
                                    d&a\\ c&d&a&b \\ d&a&b&c \end{matrix}$
? 
! Misplaced alignment tab character &.
l.110 $\begin{matrix} a&b&c&d\\ b&c&d&
                                      a\\ c&d&a&b \\ d&a&b&c \end{matrix}$
? 
! Misplaced alignment tab character &.
l.110 $\begin{matrix} a&b&c&d\\ b&c&d&a\\ c&
                                            d&a&b \\ d&a&b&c \end{matrix}$
? 
! Misplaced alignment tab character &.
l.110 $\begin{matrix} a&b&c&d\\ b&c&d&a\\ c&d&
                                              a&b \\ d&a&b&c \end{matrix}$
? 
! Misplaced alignment tab character &.
l.110 $\begin{matrix} a&b&c&d\\ b&c&d&a\\ c&d&a&
                                                b \\ d&a&b&c \end{matrix}$
? 
! Misplaced alignment tab character &.
l.110 ...matrix} a&b&c&d\\ b&c&d&a\\ c&d&a&b \\ d&
                                                  a&b&c \end{matrix}$
? 
! Misplaced alignment tab character &.
l.110 ...trix} a&b&c&d\\ b&c&d&a\\ c&d&a&b \\ d&a&
                                                  b&c \end{matrix}$
? 
! Misplaced alignment tab character &.
l.110 ...ix} a&b&c&d\\ b&c&d&a\\ c&d&a&b \\ d&a&b&
                                                  c \end{matrix}$
? 
[36] [37] [38] [39] [40] [41] [42] [43] [44] [45] [46] [47] [48] [49] [50]
[51] [52] [53] [54] [55] [56] [57] [58] [59] [60] [61] [62] [63] [64] [65]
(./_formulas.aux) ) 
Here is how much of TeX's memory you used:
 587 strings out of 494924
 7249 string characters out of 6180768
 54490 words of memory out of 5000000
 3968 multiletter control sequences out of 15000+600000
 3640 words of font info for 14 fonts, out of 8000000 for 9000
 14 hyphenation exceptions out of 8191
 32i,10n,21p,218b,100s stack positions out of 5000i,500n,10000p,200000b,80000s

Output written on _formulas.dvi (65 pages, 7176 bytes).
